[16:52:20] [Server thread/INFO]: Starting minecraft server version 1.7.10
[16:52:26] [Server thread/INFO]: Loading properties
[16:52:26] [Server thread/INFO]: Default game type: SURVIVAL
[16:52:26] [Server thread/INFO]: Generating keypair
[16:52:27] [Server thread/INFO]: Starting Minecraft server on *:25566
[16:52:27] [Server thread/INFO]: Preparing level "world"
[16:52:27] [Server thread/INFO]: Preparing start region for level 0
[16:52:27] [Server thread/INFO]: Done (0,566s)! For help, type "help" or "?"
[16:52:44] [User Authenticator #1/INFO]: UUID of player Zitata is 7d0d143e-0308-49c7-a2b6-e13cd328d744
[16:52:44] [Server thread/INFO]: Zitata[/127.0.0.1:52632] logged in with entity id 200 at (200.5, 65.0, 257.5)
[16:52:44] [Server thread/INFO]: Zitata joined the game
[16:52:56] [Server thread/INFO]: <Zitata> f
[16:53:19] [Server thread/INFO]: Zitata has just earned the achievement [Taking Inventory]
[16:54:11] [Server thread/INFO]: Zitata lost connection: TextComponent{text='Disconnected', siblings=[], style=Style{hasParent=false, color=null, bold=null, italic=null, underlined=null, obfuscated=null, clickEvent=null, hoverEvent=null}}
[16:54:11] [Server thread/INFO]: Zitata left the game
[16:54:13] [Server thread/INFO]: Stopping server
[16:54:13] [Server thread/INFO]: Saving players
[16:54:13] [Server thread/INFO]: Saving worlds
[16:54:13] [Server thread/INFO]: Saving chunks for level 'world'/Overworld
[16:54:13] [Server thread/INFO]: Saving chunks for level 'world'/Nether
[16:54:13] [Server thread/INFO]: Saving chunks for level 'world'/The End
